<?xml version="1.0" encoding="utf-8"?>
<TestRun id="14b5c721-64ae-463f-8719-2f091af3999f" name="@shyams-MacBook-Pro 2024-11-04 13:38:37" xmlns="http://microsoft.com/schemas/VisualStudio/TeamTest/2010">
  <Times creation="2024-11-04T13:38:37.1342730+05:30" queuing="2024-11-04T13:38:37.1342730+05:30" start="2024-11-04T13:38:36.9419550+05:30" finish="2024-11-04T13:38:37.1344660+05:30" />
  <TestSettings name="default" id="6b7fcaab-a490-4519-b1eb-c7ef0c6955a4">
    <Deployment runDeploymentRoot="_shyams-MacBook-Pro_2024-11-04_13_38_37" />
  </TestSettings>
  <TestLists>
    <TestList name="Results Not in a List" id="8c84fa94-04c1-424b-9868-57a2d4851a1d" />
    <TestList name="All Loaded Results" id="19431567-8539-422a-85d7-44ee4e166bda" />
  </TestLists>
  <ResultSummary outcome="Completed">
    <Counters total="0" executed="0" passed="0" failed="0" error="0" timeout="0" aborted="0" inconclusive="0" passedButRunAborted="0" notRunnable="0" notExecuted="0" disconnected="0" warning="0" completed="0" inProgress="0" pending="0" />
    <RunInfos>
      <RunInfo computerName="shyams-MacBook-Pro" outcome="Warning" timestamp="2024-11-04T13:38:37.1058560+05:30">
        <Text>No test is available in /Users/shyamshekar/Downloads/TodoList 2/TodoList.Server/bin/Debug/net8.0/TodoList.Server.dll. Make sure that test discoverer &amp; executors are registered and platform &amp; framework version settings are appropriate and try again.</Text>
      </RunInfo>
    </RunInfos>
  </ResultSummary>
</TestRun>